1435428979128659431648710402050598050834985064436892688173022754933340950588334162915504277238729287
7262267955721683932197688300165173816812626508838252122664376942690946761647423607907391065694830644
6445216851658919628772050115102928316632355994430339648504586255807702216571732790652464423938716993
4130487637422003513211470138849722122828825083847180496495083491832826507266578798695324213009281415
3953488592479402730004286840849914797602864564505463183365831334782183977237901082629124296384067055
4003622153198292730602904364198415994679755894248496917774901873536928543175572055295463164664864371
7520883711405987638738312656835554997971741006031737282550714331210002351712467424722373429739315988
6249843472411849956330607022708968078614586838768857694520178081658366607275896225656151015357739137
8598962228181447066790279715097592874038462786425314655347437679274544230121225285412417804822702186
4200521763158406007846692527433542549722068644341964740590144129838542765729273102489275093683797980
6751900207237189390968569528121785519116914479677333138920774464308402717864523160296076596775545843
2386274229999100755577816361550689534723418707048248483564340953835760087829370322468537629316137675
5582981004914832552620418841621014050504386353673820708179418266670205746304233087259956216857347547
6037773043633788468028903294083499289170193544453354122406278873245113317905235915550276214685950505
1779849417261452951683329346215402483411173316731831151483863523238913778654648865717382228047329396
0735332044758803550891657134544516014550217635956268159073402749490277388904720654541959056123943750
3382334112429900111872895479024346965009875961051721344586319118932901316154462311776241433201954050
1460036062966455923910529199383050361600848434852356284536621792232353074789980655371999506141744548
0677878972942733551543578270719870583578106885416848251582377232900522832040713716331487119881738472
1839606680833148046804019509444461726024174703312514761095236495260094007039142589968067457280459885
5612939751139520221043186276138120568826024536749584360657548376509367390713724795346605147556130986
1899109845712420360470634471111248576719478239847862601140446478907306836575462145623807538766263446
6975470941439505489522239204204862272800123691307509139483133976631050611580717546360297186584034472
5592870602454027368271613518731591673472593056860235209527689197793217340776035727338055717303982475
5719995420316531527025337784238093283029921257451340050663801963052318031823533148325152898096660268
5571521427155861030672642658984773028700214898492600213687183583182656167810127307653197713042950141
9974868571965871761521345598789389570564072300503777487587690328680096424552864931316822274029110891
7431414629395587679336671266043609330405663773335967204339260621284907833299060588289158940162249890
1734478551979873537990294882743340251103347993740526575430070799210779350595105134352079671076338061
5525527342211277111059771246170791886587358341846147901767518339568433641375123649686372335735218934
5028435620439146669593813914533080651696045056279406688881155909178229211270293801058686695543701930
0509254286094423708031150959717054867929699619398717822558344820201932431988189728358786028972661178
3184680110139396629238106457049307556134246738191608612718747351818152284208348697336719225747534781
8521680093411398014813608650125392278640918506101194152120835502679211948142371373864367169481465137
6798978237228174275451774278439444370449740777389184641775478820332006125167963210193334793837097406
8695434997841201427325669965274988185682800971579998289168603794464299454323022667391856003467715739
6092877751774500648374753469928444033030581680516334817279532188262430552626035152659298886895886624
5886430862534310441269761531003549822778893359505662782259856631048457218917126581063366703715287218
8268574098211181177502585241738764160083532844898457811864466814647035202365762811904528589720682083
6916704651516789668760839514450418369357314714216101573961537820691213917444433175296729664186426641
1254437802132701790521051584532180008578607365534306797126821467479316733053344222360770864642232656
7128705272436502440336388123371656353196264205772636166793430968033498235538567888507266732085753664
5015847413591831514077156404637614700868601085902828915331492635240349540357864668920985116230171578
1389591917856062680730412130793574213323511763150351790579984897502545359023215589272122573529616202
7675348873663819747964799966263773555856048913593350427716580263289600849917855062046477757780795460
1210574116935701194347091829966137864687670600442510859387513881059732371815940202390487575322315409
0821880058527766835626227682840844713814924123787715616069162306623432853830364169179938150468816353
2730920313780225136612226956866802804519812793858428943052814387086592311718288784596123799256556337
7126474115907162323761432825699440534979164422678210318415826085611118635013726487373614840899892315
4993594544000849746639269313478259283035496143977822778117085519968749846109251127013094617844376431
6329243475747713736273206283940344521837037688248713448378026409310128612033298561750193848520291889
3147073753390920287857773973409019980217046258134662999858346165459073876807546417685052097718615237
0788887002631612559235426915063733876664322841282498179044086928065520993367628807519209366535971296
8633226844374843111757397942428939147578694076669116505217013421982614082240356974658460913212068922
1830976038118140435753086050730049717581033071880075168082254239320446158547803571461850269888198821
0595751953040608760938731916419781731096842137744647474117945773243196938503361804283219271044476818
1251804748651604167397978702527569700023138086735357818678499662740191102876164021224049765008357106
3024643076991778688074156949801522403481161859838582977016492621755527561067795234697484917213731236
6409536682033779937811681772168283524492607510235787467596394177418753719825032580871594443217414626
2429948858499139025186395629501252412161321608213244199010943849072481760189116280111460732980760671
8596637094906333120489208360215175536291267827049888361884876284423111110476615611348655186292954037
2553666812898537675747719851954883597533114501779631342110828537181454999702643774341460857533395071
4048344303757246265116223170232379288376669902354896660918721345344948650814782063250522348259364886
9265642708952998506868048873691636669217390237137926829118396775683643492881362275883342620676105030
6783672913916435062801144926072823310662593776945521604900265122369025358521977696570047838198481125
7246463705869022855146904397489560112031002044589883255730078422784628811664234776864839688379418205
4935622839059377529484079551907631489260797917446790650175934831390231719123816301738848574871131943
1819894241398404980351487479446521010157425377261045484368196938982135567234325905910429293400517276
9241488515812263221638086171505236856866802925985327107192894949597333141911986329849346453750409246
7303369293445769120286105217508469915937415818117121984819082843270667731689030579682067144130054228
2184243053726580163124590746902805194805047583458154888130499065203032244645641042263437701108311333
8120430482426708956648657080473385028027267773052406485776215162189757052732967303030400717159626159
8904139737573654242430112161798989696181892269126485421693422312367279743479655617695532125439833769
4080561998684104091943332941852959803023529605760580491926847679687135760433333904388119844443342509
2512657509535438073453831628743061108127072154057399829029671773884851686187919140931257515705118113
7100333713211361011369587745889297414939292121065687170356295354676083391964437560751323632437658710
7431256929185784706951525050002385387935373698584998317624824918895827040062711379534273645419267097
0214994189971500365645397499886780454845890828990849418901854264571351540166336154857281147744727469
5171099993815601266784100310308716237716121510581843877080258707178411014833106841865763753714900240
6369560409086739074578162996238023527513018735587833415320899276398657894280026140336205959155183645
4314193212489309872455125225918181608351703585915331455267397692968196881061973413071518824460815861
3804081725330033531205843372125810574825747757910639093788624253559473144624772588512553963424107385
4247311704365243694803860515227987182132750175012089801581567640203781524416506731304595383538445049
3436494120052626510113614433546238571634816012486720420161284066743518033713231286809373151603684188
9344031642115588158305296095597696867796180803854820049117376314347688109471205283941339364969596149
5928425776029327121536000477198430622789172823460740993757153489456278869889811456397941107969603497
2458630062953433522342283203173911840146055806925579601912647551141213178000321434077047129440271774
3372988298650600322249883066992735062000743697313429999039438208553724342770360688107862140928807460
0055969206349920441670906579461185951245655637852329364821405485582650121078815198086753854122083607
2929735751263830658495216615572218834691679174188724803501473720108854582971621666122565329815223122
2943802243339447408629468646332067643253411300172187695179648772112206358875243372950579208183038065
6794845230651220289643503090831271060575377657197194536709161656332248214375127456311873462971226972
6731212262881737160841297004248743853410640020043717795425324637702648496753745852546195442577877111
8518704544662220075422972197241503661003141219799549268653166216222668866956726414927544246601672124
1511507720021159040846359893049984624329748710554629366335741913036261176032214193372186819401593800
0976345795834243822426118355436498646095103440883269322183728515917494981478153000563495258487432003
4616757681315573849041456708752257403050499595740410483124034312581197712078596436639682074469784115
1288948545574383234446906079213384520875658283081357847625402121725137010446873389432967581555458153
2485432630475509268355630328813937429413920217440217673533066123590285526870827740611481947594063553
6748126073272239708529269240837209507348488242818705852416880478958388494198822405385902402428837804
